  Game.cpp
C:\Program Files\Microsoft Visual Studio\2022\Community\VC\Tools\MSVC\14.38.33130\include\xmemory(723,76): error C2259: "sf::Drawable": невозможно создать экземпляр абстрактного класса
  (компиляция исходного файла "../../Game.cpp")
  C:\Users\gena_\source\repos\Projekte\snake\Snake\Libs\SFML\include\SFML\Graphics\RenderTarget.hpp(45,7):
   см. объявление "sf::Drawable"
  C:\Program Files\Microsoft Visual Studio\2022\Community\VC\Tools\MSVC\14.38.33130\include\xmemory(723,76):
  из-за следующих членов:
  C:\Program Files\Microsoft Visual Studio\2022\Community\VC\Tools\MSVC\14.38.33130\include\xmemory(723,76):
  void sf::Drawable::draw(sf::RenderTarget &,sf::RenderStates) const: абстрактный
  C:\Users\gena_\source\repos\Projekte\snake\Snake\Libs\SFML\include\SFML\Graphics\Drawable.hpp(69,18):
   см. объявление "sf::Drawable::draw"
  C:\Program Files\Microsoft Visual Studio\2022\Community\VC\Tools\MSVC\14.38.33130\include\xmemory(723,76):
  контекст создания экземпляра шаблона (сначала самый старый)
  	C:\Users\gena_\source\repos\Projekte\snake\Game.cpp(26,31):
  	выполняется компиляция ссылки на экземпляр класс шаблон функции "std::vector<sf::Drawable,std::allocator<sf::Drawable>>"
  	C:\Program Files\Microsoft Visual Studio\2022\Community\VC\Tools\MSVC\14.38.33130\include\vector(870,23):
  	во время компиляции функции-члена класс шаблон "void std::vector<sf::Drawable,std::allocator<sf::Drawable>>::push_back(const _Ty &)"
          with
          [
              _Ty=sf::Drawable
          ]
  		C:\Users\gena_\source\repos\Projekte\snake\Game.cpp(27,26):
  		см. первую ссылку на "std::vector<sf::Drawable,std::allocator<sf::Drawable>>::push_back" в "Game::runGame"
  	C:\Program Files\Microsoft Visual Studio\2022\Community\VC\Tools\MSVC\14.38.33130\include\vector(871,9):
  	выполняется компиляция ссылки на экземпляр шаблон функции "_Ty &std::vector<_Ty,std::allocator<_Ty>>::_Emplace_one_at_back<const _Ty&>(const _Ty &)"
          with
          [
              _Ty=sf::Drawable
          ]
  	C:\Program Files\Microsoft Visual Studio\2022\Community\VC\Tools\MSVC\14.38.33130\include\vector(780,20):
  	выполняется компиляция ссылки на экземпляр шаблон функции "_Ty &std::vector<_Ty,std::allocator<_Ty>>::_Emplace_back_with_unused_capacity<const _Ty&>(const _Ty &)"
          with
          [
              _Ty=sf::Drawable
          ]
  	C:\Program Files\Microsoft Visual Studio\2022\Community\VC\Tools\MSVC\14.38.33130\include\vector(798,27):
  	выполняется компиляция ссылки на экземпляр шаблон функции "void std::_Default_allocator_traits<_Alloc>::construct<_Ty,const _Ty&>(_Alloc &,_Objty *const ,const _Ty &)"
          with
          [
              _Alloc=std::allocator<sf::Drawable>,
              _Ty=sf::Drawable,
              _Objty=sf::Drawable
          ]
  
C:\Program Files\Microsoft Visual Studio\2022\Community\VC\Tools\MSVC\14.38.33130\include\xmemory(723,82): error C2259: "sf::Drawable": невозможно создать экземпляр абстрактного класса
  (компиляция исходного файла "../../Game.cpp")
  C:\Users\gena_\source\repos\Projekte\snake\Snake\Libs\SFML\include\SFML\Graphics\RenderTarget.hpp(45,7):
   см. объявление "sf::Drawable"
  C:\Program Files\Microsoft Visual Studio\2022\Community\VC\Tools\MSVC\14.38.33130\include\xmemory(723,82):
  из-за следующих членов:
  C:\Program Files\Microsoft Visual Studio\2022\Community\VC\Tools\MSVC\14.38.33130\include\xmemory(723,82):
  void sf::Drawable::draw(sf::RenderTarget &,sf::RenderStates) const: абстрактный
  C:\Users\gena_\source\repos\Projekte\snake\Snake\Libs\SFML\include\SFML\Graphics\Drawable.hpp(69,18):
   см. объявление "sf::Drawable::draw"
  
